#
# There is insufficient memory for the Java Runtime Environment to continue.
# Native memory allocation (mmap) failed to map 131072 bytes for committing reserved memory.
# Possible reasons:
#   The system is out of physical RAM or swap space
#   In 32 bit mode, the process size limit was hit
# Possible solutions:
#   Reduce memory load on the system
#   Increase physical memory or swap space
#   Check if swap backing store is full
#   Use 64 bit Java on a 64 bit OS
#   Decrease Java heap size (-Xmx/-Xms)
#   Decrease number of Java threads
#   Decrease Java thread stack sizes (-Xss)
#   Set larger code cache with -XX:ReservedCodeCacheSize=
# This output file may be truncated or incomplete.
#
#  Out of Memory Error (os_linux.cpp:2643), pid=7580, tid=0xb63cdb40
#
# JRE version: OpenJDK Runtime Environment (8.0_151-b12) (build 1.8.0_151-8u151-b12-0ubuntu0.16.04.2-b12)
# Java VM: OpenJDK Server VM (25.151-b12 mixed mode linux-x86 )
# Failed to write core dump. Core dumps have been disabled. To enable core dumping, try "ulimit -c unlimited" before starting Java again
#

---------------  T H R E A D  ---------------

Current thread (0xb6207800):  JavaThread "main" [_thread_in_vm, id=8072, stack(0xb637d000,0xb63ce000)]

Stack: [0xb637d000,0xb63ce000],  sp=0xb63ca6ac,  free space=309k
Native frames: (J=compiled Java code, j=interpreted, Vv=VM code, C=native code)
V  [libjvm.so+0x8d6834]
V  [libjvm.so+0x3a7c76]
V  [libjvm.so+0x7420c0]
V  [libjvm.so+0x73c013]
V  [libjvm.so+0x8d3264]
V  [libjvm.so+0x6cdd63]
V  [libjvm.so+0x6cdf7a]
V  [libjvm.so+0x6ceb05]
V  [libjvm.so+0x6cec5a]
V  [libjvm.so+0x6cfc9a]
V  [libjvm.so+0x6cfe8d]
V  [libjvm.so+0x39895f]
V  [libjvm.so+0x6d542e]
V  [libjvm.so+0x317bdf]
V  [libjvm.so+0x3183b3]
V  [libjvm.so+0x31a202]
V  [libjvm.so+0x320d96]
V  [libjvm.so+0x853dd4]
V  [libjvm.so+0x8528ff]
V  [libjvm.so+0x854906]
V  [libjvm.so+0x39b0be]
V  [libjvm.so+0x39d3a4]
V  [libjvm.so+0x6310ee]
V  [libjvm.so+0x633a38]
V  [libjvm.so+0x513af7]
j  java.lang.Double.toString(D)Ljava/lang/String;+1
j  java.lang.String.valueOf(D)Ljava/lang/String;+1
j  org.codehaus.groovy.syntax.Numbers.<clinit>()V+43
v  ~StubRoutines::call_stub
V  [libjvm.so+0x51faad]
V  [libjvm.so+0x746985]
V  [libjvm.so+0x51ebea]
V  [libjvm.so+0x4ebfb8]
V  [libjvm.so+0x4ec367]
V  [libjvm.so+0x4ec7aa]
V  [libjvm.so+0x62d508]
V  [libjvm.so+0x63147a]
V  [libjvm.so+0x633a38]
V  [libjvm.so+0x513af7]
j  org.codehaus.groovy.antlr.AntlrParserPlugin.integerExpression(Lgroovyjarjarantlr/collections/AST;)Lorg/codehaus/groovy/ast/expr/ConstantExpression;+8
j  org.codehaus.groovy.antlr.AntlrParserPlugin.expressionSwitch(Lgroovyjarjarantlr/collections/AST;)Lorg/codehaus/groovy/ast/expr/Expression;+1008
j  org.codehaus.groovy.antlr.AntlrParserPlugin.expression(Lgroovyjarjarantlr/collections/AST;Z)Lorg/codehaus/groovy/ast/expr/Expression;+2
j  org.codehaus.groovy.antlr.AntlrParserPlugin.expression(Lgroovyjarjarantlr/collections/AST;)Lorg/codehaus/groovy/ast/expr/Expression;+3
j  org.codehaus.groovy.antlr.AntlrParserPlugin.expressionSwitch(Lgroovyjarjarantlr/collections/AST;)Lorg/codehaus/groovy/ast/expr/Expression;+827
j  org.codehaus.groovy.antlr.AntlrParserPlugin.expression(Lgroovyjarjarantlr/collections/AST;Z)Lorg/codehaus/groovy/ast/expr/Expression;+2
j  org.codehaus.groovy.antlr.AntlrParserPlugin.expression(Lgroovyjarjarantlr/collections/AST;)Lorg/codehaus/groovy/ast/expr/Expression;+3
j  org.codehaus.groovy.antlr.AntlrParserPlugin.addArgumentExpression(Lgroovyjarjarantlr/collections/AST;Ljava/util/List;)Z+58
j  org.codehaus.groovy.antlr.AntlrParserPlugin.arguments(Lgroovyjarjarantlr/collections/AST;)Lorg/codehaus/groovy/ast/expr/Expression;+47
j  org.codehaus.groovy.antlr.AntlrParserPlugin.methodCallExpression(Lgroovyjarjarantlr/collections/AST;)Lorg/codehaus/groovy/ast/expr/Expression;+457
j  org.codehaus.groovy.antlr.AntlrParserPlugin.expressionSwitch(Lgroovyjarjarantlr/collections/AST;)Lorg/codehaus/groovy/ast/expr/Expression;+860
j  org.codehaus.groovy.antlr.AntlrParserPlugin.expression(Lgroovyjarjarantlr/collections/AST;Z)Lorg/codehaus/groovy/ast/expr/Expression;+2
j  org.codehaus.groovy.antlr.AntlrParserPlugin.expression(Lgroovyjarjarantlr/collections/AST;)Lorg/codehaus/groovy/ast/expr/Expression;+3
j  org.codehaus.groovy.antlr.AntlrParserPlugin.expressionSwitch(Lgroovyjarjarantlr/collections/AST;)Lorg/codehaus/groovy/ast/expr/Expression;+827
j  org.codehaus.groovy.antlr.AntlrParserPlugin.expression(Lgroovyjarjarantlr/collections/AST;Z)Lorg/codehaus/groovy/ast/expr/Expression;+2
j  org.codehaus.groovy.antlr.AntlrParserPlugin.expression(Lgroovyjarjarantlr/collections/AST;)Lorg/codehaus/groovy/ast/expr/Expression;+3
j  org.codehaus.groovy.antlr.AntlrParserPlugin.statement(Lgroovyjarjarantlr/collections/AST;)Lorg/codehaus/groovy/ast/stmt/Statement;+286
j  org.codehaus.groovy.antlr.AntlrParserPlugin.statementListNoChild(Lgroovyjarjarantlr/collections/AST;Lgroovyjarjarantlr/collections/AST;)Lorg/codehaus/groovy/ast/stmt/Statement;+34
j  org.codehaus.groovy.antlr.AntlrParserPlugin.statementList(Lgroovyjarjarantlr/collections/AST;)Lorg/codehaus/groovy/ast/stmt/Statement;+8
j  org.codehaus.groovy.antlr.AntlrParserPlugin.statement(Lgroovyjarjarantlr/collections/AST;)Lorg/codehaus/groovy/ast/stmt/Statement;+150
j  org.codehaus.groovy.antlr.AntlrParserPlugin.ifStatement(Lgroovyjarjarantlr/collections/AST;)Lorg/codehaus/groovy/ast/stmt/Statement;+29
j  org.codehaus.groovy.antlr.AntlrParserPlugin.statement(Lgroovyjarjarantlr/collections/AST;)Lorg/codehaus/groovy/ast/stmt/Statement;+210
j  org.codehaus.groovy.antlr.AntlrParserPlugin.statementListNoChild(Lgroovyjarjarantlr/collections/AST;Lgroovyjarjarantlr/collections/AST;)Lorg/codehaus/groovy/ast/stmt/Statement;+34
j  org.codehaus.groovy.antlr.AntlrParserPlugin.statementList(Lgroovyjarjarantlr/collections/AST;)Lorg/codehaus/groovy/ast/stmt/Statement;+8
j  org.codehaus.groovy.antlr.AntlrParserPlugin.statement(Lgroovyjarjarantlr/collections/AST;)Lorg/codehaus/groovy/ast/stmt/Statement;+150
j  org.codehaus.groovy.antlr.AntlrParserPlugin.tryStatement(Lgroovyjarjarantlr/collections/AST;)Lorg/codehaus/groovy/ast/stmt/Statement;+9
j  org.codehaus.groovy.antlr.AntlrParserPlugin.statement(Lgroovyjarjarantlr/collections/AST;)Lorg/codehaus/groovy/ast/stmt/Statement;+255
j  org.codehaus.groovy.antlr.AntlrParserPlugin.statementListNoChild(Lgroovyjarjarantlr/collections/AST;Lgroovyjarjarantlr/collections/AST;)Lorg/codehaus/groovy/ast/stmt/Statement;+34
j  org.codehaus.groovy.antlr.AntlrParserPlugin.statementList(Lgroovyjarjarantlr/collections/AST;)Lorg/codehaus/groovy/ast/stmt/Statement;+8
j  org.codehaus.groovy.antlr.AntlrParserPlugin.statement(Lgroovyjarjarantlr/collections/AST;)Lorg/codehaus/groovy/ast/stmt/Statement;+150
j  org.codehaus.groovy.antlr.AntlrParserPlugin.labelledStatement(Lgroovyjarjarantlr/collections/AST;)Lorg/codehaus/groovy/ast/stmt/Statement;+20
j  org.codehaus.groovy.antlr.AntlrParserPlugin.statement(Lgroovyjarjarantlr/collections/AST;)Lorg/codehaus/groovy/ast/stmt/Statement;+177
j  org.codehaus.groovy.antlr.AntlrParserPlugin.statementListNoChild(Lgroovyjarjarantlr/collections/AST;Lgroovyjarjarantlr/collections/AST;)Lorg/codehaus/groovy/ast/stmt/Statement;+34
j  org.codehaus.groovy.antlr.AntlrParserPlugin.statementList(Lgroovyjarjarantlr/collections/AST;)Lorg/codehaus/groovy/ast/stmt/Statement;+8
j  org.codehaus.groovy.antlr.AntlrParserPlugin.methodDef(Lgroovyjarjarantlr/collections/AST;)V+462
j  org.codehaus.groovy.antlr.AntlrParserPlugin.objectBlock(Lgroovyjarjarantlr/collections/AST;)V+134
j  org.codehaus.groovy.antlr.AntlrParserPlugin.innerClassDef(Lgroovyjarjarantlr/collections/AST;)V+388
j  org.codehaus.groovy.antlr.AntlrParserPlugin.classDef(Lgroovyjarjarantlr/collections/AST;)V+7
j  org.codehaus.groovy.antlr.AntlrParserPlugin.convertGroovy(Lgroovyjarjarantlr/collections/AST;)V+114
j  org.codehaus.groovy.antlr.AntlrParserPlugin.buildAST(Lorg/codehaus/groovy/control/SourceUnit;Ljava/lang/ClassLoader;Lorg/codehaus/groovy/syntax/Reduction;)Lorg/codehaus/groovy/ast/ModuleNode;+14
j  org.codehaus.groovy.control.SourceUnit.convert()V+52
j  org.codehaus.groovy.control.CompilationUnit$13.call(Lorg/codehaus/groovy/control/SourceUnit;)V+1
j  org.codehaus.groovy.control.CompilationUnit.applyToSourceUnits(Lorg/codehaus/groovy/control/CompilationUnit$SourceUnitOperation;)V+79
j  org.codehaus.groovy.control.CompilationUnit.doPhaseOperation(Ljava/lang/Object;)V+30
j  org.codehaus.groovy.control.CompilationUnit.processPhaseOperations(I)V+32
j  org.codehaus.groovy.control.CompilationUnit.compile(I)V+60
j  groovy.lang.GroovyClassLoader.doParseClass(Lgroovy/lang/GroovyCodeSource;)Ljava/lang/Class;+164
j  groovy.lang.GroovyClassLoader.parseClass(Lgroovy/lang/GroovyCodeSource;Z)Ljava/lang/Class;+37
j  groovy.lang.GroovyShell.parseClass(Lgroovy/lang/GroovyCodeSource;)Ljava/lang/Class;+6
j  groovy.lang.GroovyShell.run(Lgroovy/lang/GroovyCodeSource;[Ljava/lang/String;)Ljava/lang/Object;+2
j  groovy.lang.GroovyShell.run(Lgroovy/lang/GroovyCodeSource;Ljava/util/List;)Ljava/lang/Object;+23
j  groovy.ui.GroovyMain.processOnce()V+33
j  groovy.ui.GroovyMain.run()Z+29
j  groovy.ui.GroovyMain.process(Lgroovyjarjarcommonscli/CommandLine;)Z+602
j  groovy.ui.GroovyMain.processArgs([Ljava/lang/String;Ljava/io/PrintStream;)V+108
j  groovy.ui.GroovyMain.main([Ljava/lang/String;)V+4
v  ~StubRoutines::call_stub
V  [libjvm.so+0x51faad]
V  [libjvm.so+0x746985]
V  [libjvm.so+0x51ebea]
V  [libjvm.so+0x7b8d25]
...<more frames>...

Java frames: (J=compiled Java code, j=interpreted, Vv=VM code)
j  java.lang.Double.toString(D)Ljava/lang/String;+1
j  java.lang.String.valueOf(D)Ljava/lang/String;+1
j  org.codehaus.groovy.syntax.Numbers.<clinit>()V+43
v  ~StubRoutines::call_stub
j  org.codehaus.groovy.antlr.AntlrParserPlugin.integerExpression(Lgroovyjarjarantlr/collections/AST;)Lorg/codehaus/groovy/ast/expr/ConstantExpression;+8
j  org.codehaus.groovy.antlr.AntlrParserPlugin.expressionSwitch(Lgroovyjarjarantlr/collections/AST;)Lorg/codehaus/groovy/ast/expr/Expression;+1008
j  org.codehaus.groovy.antlr.AntlrParserPlugin.expression(Lgroovyjarjarantlr/collections/AST;Z)Lorg/codehaus/groovy/ast/expr/Expression;+2
j  org.codehaus.groovy.antlr.AntlrParserPlugin.expression(Lgroovyjarjarantlr/collections/AST;)Lorg/codehaus/groovy/ast/expr/Expression;+3
j  org.codehaus.groovy.antlr.AntlrParserPlugin.expressionSwitch(Lgroovyjarjarantlr/collections/AST;)Lorg/codehaus/groovy/ast/expr/Expression;+827
j  org.codehaus.groovy.antlr.AntlrParserPlugin.expression(Lgroovyjarjarantlr/collections/AST;Z)Lorg/codehaus/groovy/ast/expr/Expression;+2
j  org.codehaus.groovy.antlr.AntlrParserPlugin.expression(Lgroovyjarjarantlr/collections/AST;)Lorg/codehaus/groovy/ast/expr/Expression;+3
j  org.codehaus.groovy.antlr.AntlrParserPlugin.addArgumentExpression(Lgroovyjarjarantlr/collections/AST;Ljava/util/List;)Z+58
j  org.codehaus.groovy.antlr.AntlrParserPlugin.arguments(Lgroovyjarjarantlr/collections/AST;)Lorg/codehaus/groovy/ast/expr/Expression;+47
j  org.codehaus.groovy.antlr.AntlrParserPlugin.methodCallExpression(Lgroovyjarjarantlr/collections/AST;)Lorg/codehaus/groovy/ast/expr/Expression;+457
j  org.codehaus.groovy.antlr.AntlrParserPlugin.expressionSwitch(Lgroovyjarjarantlr/collections/AST;)Lorg/codehaus/groovy/ast/expr/Expression;+860
j  org.codehaus.groovy.antlr.AntlrParserPlugin.expression(Lgroovyjarjarantlr/collections/AST;Z)Lorg/codehaus/groovy/ast/expr/Expression;+2
j  org.codehaus.groovy.antlr.AntlrParserPlugin.expression(Lgroovyjarjarantlr/collections/AST;)Lorg/codehaus/groovy/ast/expr/Expression;+3
j  org.codehaus.groovy.antlr.AntlrParserPlugin.expressionSwitch(Lgroovyjarjarantlr/collections/AST;)Lorg/codehaus/groovy/ast/expr/Expression;+827
j  org.codehaus.groovy.antlr.AntlrParserPlugin.expression(Lgroovyjarjarantlr/collections/AST;Z)Lorg/codehaus/groovy/ast/expr/Expression;+2
j  org.codehaus.groovy.antlr.AntlrParserPlugin.expression(Lgroovyjarjarantlr/collections/AST;)Lorg/codehaus/groovy/ast/expr/Expression;+3
j  org.codehaus.groovy.antlr.AntlrParserPlugin.statement(Lgroovyjarjarantlr/collections/AST;)Lorg/codehaus/groovy/ast/stmt/Statement;+286
j  org.codehaus.groovy.antlr.AntlrParserPlugin.statementListNoChild(Lgroovyjarjarantlr/collections/AST;Lgroovyjarjarantlr/collections/AST;)Lorg/codehaus/groovy/ast/stmt/Statement;+34
j  org.codehaus.groovy.antlr.AntlrParserPlugin.statementList(Lgroovyjarjarantlr/collections/AST;)Lorg/codehaus/groovy/ast/stmt/Statement;+8
j  org.codehaus.groovy.antlr.AntlrParserPlugin.statement(Lgroovyjarjarantlr/collections/AST;)Lorg/codehaus/groovy/ast/stmt/Statement;+150
j  org.codehaus.groovy.antlr.AntlrParserPlugin.ifStatement(Lgroovyjarjarantlr/collections/AST;)Lorg/codehaus/groovy/ast/stmt/Statement;+29
j  org.codehaus.groovy.antlr.AntlrParserPlugin.statement(Lgroovyjarjarantlr/collections/AST;)Lorg/codehaus/groovy/ast/stmt/Statement;+210
j  org.codehaus.groovy.antlr.AntlrParserPlugin.statementListNoChild(Lgroovyjarjarantlr/collections/AST;Lgroovyjarjarantlr/collections/AST;)Lorg/codehaus/groovy/ast/stmt/Statement;+34
j  org.codehaus.groovy.antlr.AntlrParserPlugin.statementList(Lgroovyjarjarantlr/collections/AST;)Lorg/codehaus/groovy/ast/stmt/Statement;+8
j  org.codehaus.groovy.antlr.AntlrParserPlugin.statement(Lgroovyjarjarantlr/collections/AST;)Lorg/codehaus/groovy/ast/stmt/Statement;+150
j  org.codehaus.groovy.antlr.AntlrParserPlugin.tryStatement(Lgroovyjarjarantlr/collections/AST;)Lorg/codehaus/groovy/ast/stmt/Statement;+9
j  org.codehaus.groovy.antlr.AntlrParserPlugin.statement(Lgroovyjarjarantlr/collections/AST;)Lorg/codehaus/groovy/ast/stmt/Statement;+255
j  org.codehaus.groovy.antlr.AntlrParserPlugin.statementListNoChild(Lgroovyjarjarantlr/collections/AST;Lgroovyjarjarantlr/collections/AST;)Lorg/codehaus/groovy/ast/stmt/Statement;+34
j  org.codehaus.groovy.antlr.AntlrParserPlugin.statementList(Lgroovyjarjarantlr/collections/AST;)Lorg/codehaus/groovy/ast/stmt/Statement;+8
j  org.codehaus.groovy.antlr.AntlrParserPlugin.statement(Lgroovyjarjarantlr/collections/AST;)Lorg/codehaus/groovy/ast/stmt/Statement;+150
j  org.codehaus.groovy.antlr.AntlrParserPlugin.labelledStatement(Lgroovyjarjarantlr/collections/AST;)Lorg/codehaus/groovy/ast/stmt/Statement;+20
j  org.codehaus.groovy.antlr.AntlrParserPlugin.statement(Lgroovyjarjarantlr/collections/AST;)Lorg/codehaus/groovy/ast/stmt/Statement;+177
j  org.codehaus.groovy.antlr.AntlrParserPlugin.statementListNoChild(Lgroovyjarjarantlr/collections/AST;Lgroovyjarjarantlr/collections/AST;)Lorg/codehaus/groovy/ast/stmt/Statement;+34
j  org.codehaus.groovy.antlr.AntlrParserPlugin.statementList(Lgroovyjarjarantlr/collections/AST;)Lorg/codehaus/groovy/ast/stmt/Statement;+8
j  org.codehaus.groovy.antlr.AntlrParserPlugin.methodDef(Lgroovyjarjarantlr/collections/AST;)V+462
j  org.codehaus.groovy.antlr.AntlrParserPlugin.objectBlock(Lgroovyjarjarantlr/collections/AST;)V+134
j  org.codehaus.groovy.antlr.AntlrParserPlugin.innerClassDef(Lgroovyjarjarantlr/collections/AST;)V+388
j  org.codehaus.groovy.antlr.AntlrParserPlugin.classDef(Lgroovyjarjarantlr/collections/AST;)V+7
j  org.codehaus.groovy.antlr.AntlrParserPlugin.convertGroovy(Lgroovyjarjarantlr/collections/AST;)V+114
j  org.codehaus.groovy.antlr.AntlrParserPlugin.buildAST(Lorg/codehaus/groovy/control/SourceUnit;Ljava/lang/ClassLoader;Lorg/codehaus/groovy/syntax/Reduction;)Lorg/codehaus/groovy/ast/ModuleNode;+14
j  org.codehaus.groovy.control.SourceUnit.convert()V+52
j  org.codehaus.groovy.control.CompilationUnit$13.call(Lorg/codehaus/groovy/control/SourceUnit;)V+1
j  org.codehaus.groovy.control.CompilationUnit.applyToSourceUnits(Lorg/codehaus/groovy/control/CompilationUnit$SourceUnitOperation;)V+79
j  org.codehaus.groovy.control.CompilationUnit.doPhaseOperation(Ljava/lang/Object;)V+30
j  org.codehaus.groovy.control.CompilationUnit.processPhaseOperations(I)V+32
j  org.codehaus.groovy.control.CompilationUnit.compile(I)V+60
j  groovy.lang.GroovyClassLoader.doParseClass(Lgroovy/lang/GroovyCodeSource;)Ljava/lang/Class;+164
j  groovy.lang.GroovyClassLoader.parseClass(Lgroovy/lang/GroovyCodeSource;Z)Ljava/lang/Class;+37
j  groovy.lang.GroovyShell.parseClass(Lgroovy/lang/GroovyCodeSource;)Ljava/lang/Class;+6
j  groovy.lang.GroovyShell.run(Lgroovy/lang/GroovyCodeSource;[Ljava/lang/String;)Ljava/lang/Object;+2
j  groovy.lang.GroovyShell.run(Lgroovy/lang/GroovyCodeSource;Ljava/util/List;)Ljava/lang/Object;+23
j  groovy.ui.GroovyMain.processOnce()V+33
j  groovy.ui.GroovyMain.run()Z+29
j  groovy.ui.GroovyMain.process(Lgroovyjarjarcommonscli/CommandLine;)Z+602
j  groovy.ui.GroovyMain.processArgs([Ljava/lang/String;Ljava/io/PrintStream;)V+108
j  groovy.ui.GroovyMain.main([Ljava/lang/String;)V+4
v  ~StubRoutines::call_stub
j  sun.reflect.NativeMethodAccessorImpl.invoke0(Ljava/lang/reflect/Method;Ljava/lang/Object;[Ljava/lang/Object;)Ljava/lang/Object;+0
j  sun.reflect.NativeMethodAccessorImpl.invoke(Ljava/lang/Object;[Ljava/lang/Object;)Ljava/lang/Object;+100
j  sun.reflect.DelegatingMethodAccessorImpl.invoke(Ljava/lang/Object;[Ljava/lang/Object;)Ljava/lang/Object;+6
j  java.lang.reflect.Method.invoke(Ljava/lang/Object;[Ljava/lang/Object;)Ljava/lang/Object;+56
j  org.codehaus.groovy.tools.GroovyStarter.rootLoader([Ljava/lang/String;)V+391
j  org.codehaus.groovy.tools.GroovyStarter.main([Ljava/lang/String;)V+1
v  ~StubRoutines::call_stub

---------------  P R O C E S S  ---------------

Java Threads: ( => current thread )
  0x637aa400 JavaThread "Service Thread" daemon [_thread_blocked, id=8595, stack(0x630db000,0x6312c000)]
  0x637a7400 JavaThread "C1 CompilerThread2" daemon [_thread_in_native, id=8590, stack(0x6312c000,0x631ad000)]
  0x637a5c00 JavaThread "C2 CompilerThread1" daemon [_thread_blocked, id=8575, stack(0x631ad000,0x6322e000)]
  0x637a4000 JavaThread "C2 CompilerThread0" daemon [_thread_blocked, id=8560, stack(0x6322e000,0x632af000)]
  0x637a2400 JavaThread "Signal Dispatcher" daemon [_thread_blocked, id=8548, stack(0x632af000,0x63300000)]
  0x63788800 JavaThread "Finalizer" daemon [_thread_blocked, id=8353, stack(0x63813000,0x63864000)]
  0x63785c00 JavaThread "Reference Handler" daemon [_thread_blocked, id=8337, stack(0x6642e000,0x6647f000)]
=>0xb6207800 JavaThread "main" [_thread_in_vm, id=8072, stack(0xb637d000,0xb63ce000)]

Other Threads:
  0x63781000 VMThread [stack: 0x63864000,0x638e5000] [id=8282]
  0x637abc00 WatcherThread [stack: 0x6305a000,0x630db000] [id=8603]

VM state:not at safepoint (normal execution)

VM Mutex/Monitor currently owned by a thread: None

Heap:
 PSYoungGen      total 19200K, used 5834K [0x918c0000, 0x92e00000, 0xa6e00000)
  eden space 16640K, 19% used [0x918c0000,0x91bf6210,0x92900000)
  from space 2560K, 99% used [0x92b80000,0x92dfc710,0x92e00000)
  to   space 2560K, 0% used [0x92900000,0x92900000,0x92b80000)
 ParOldGen       total 43776K, used 1200K [0x66e00000, 0x698c0000, 0x918c0000)
  object space 43776K, 2% used [0x66e00000,0x66f2c2d8,0x698c0000)
 Metaspace       used 6603K, capacity 6636K, committed 6680K, reserved 7472K

Card table byte_map: [0x66bff000,0x66e00000] byte_map_base: 0x668c8000

Marking Bits: (ParMarkBitMap*) 0xb70f3880
 Begin Bits: [0x64300000, 0x65300000)
 End Bits:   [0x65300000, 0x66300000)

Polling page: 0xb7700000

CodeCache: size=245760Kb used=2497Kb max_used=2503Kb free=243262Kb
 bounds [0xa71ed000, 0xa7465000, 0xb61ed000]
 total_blobs=984 nmethods=805 adapters=94
 compilation: enabled

Compilation events (10 events):
Event: 60.817 Thread 0x637a7400 nmethod 830 0xa7458e88 code [0xa7459100, 0xa745a344]
Event: 60.817 Thread 0x637a7400  853   !   3       org.codehaus.groovy.antlr.parser.GroovyLexer::nextToken (2683 bytes)
Event: 60.966 Thread 0x637a5c00 nmethod 816 0xa745ce88 code [0xa745d000, 0xa745d498]
Event: 60.966 Thread 0x637a5c00  827       4       groovyjarjarantlr.LLkParser::LA (12 bytes)
Event: 61.185 Thread 0x637a4000 nmethod 825 0xa745bfc8 code [0xa745c180, 0xa745c758]
Event: 61.185 Thread 0x637a4000  843       4       groovyjarjarantlr.collections.impl.BitSet::member (38 bytes)
Event: 61.439 Thread 0x637a4000 nmethod 843 0xa745dd08 code [0xa745de00, 0xa745ded0]
Event: 61.647 Thread 0x637a5c00 nmethod 827 0xa7451fc8 code [0xa74521a0, 0xa74527f8]
Event: 62.059 Thread 0x637a4000  871       4       java.lang.Class::getName (21 bytes)
Event: 62.060 Thread 0x637a4000 nmethod 871 0xa745da48 code [0xa745db40, 0xa745dbbc]

GC Heap History (4 events):
Event: 30.328 GC heap before
{Heap before GC invocations=1 (full 0):
 PSYoungGen      total 19200K, used 16640K [0x918c0000, 0x92e00000, 0xa6e00000)
  eden space 16640K, 100% used [0x918c0000,0x92900000,0x92900000)
  from space 2560K, 0% used [0x92b80000,0x92b80000,0x92e00000)
  to   space 2560K, 0% used [0x92900000,0x92900000,0x92b80000)
 ParOldGen       total 43776K, used 0K [0x66e00000, 0x698c0000, 0x918c0000)
  object space 43776K, 0% used [0x66e00000,0x66e00000,0x698c0000)
 Metaspace       used 3658K, capacity 3690K, committed 3736K, reserved 4400K
Event: 30.339 GC heap after
Heap after GC invocations=1 (full 0):
 PSYoungGen      total 19200K, used 2553K [0x918c0000, 0x92e00000, 0xa6e00000)
  eden space 16640K, 0% used [0x918c0000,0x918c0000,0x92900000)
  from space 2560K, 99% used [0x92900000,0x92b7e418,0x92b80000)
  to   space 2560K, 0% used [0x92b80000,0x92b80000,0x92e00000)
 ParOldGen       total 43776K, used 107K [0x66e00000, 0x698c0000, 0x918c0000)
  object space 43776K, 0% used [0x66e00000,0x66e1ae20,0x698c0000)
 Metaspace       used 3658K, capacity 3690K, committed 3736K, reserved 4400K
}
Event: 53.230 GC heap before
{Heap before GC invocations=2 (full 0):
 PSYoungGen      total 19200K, used 19193K [0x918c0000, 0x92e00000, 0xa6e00000)
  eden space 16640K, 100% used [0x918c0000,0x92900000,0x92900000)
  from space 2560K, 99% used [0x92900000,0x92b7e418,0x92b80000)
  to   space 2560K, 0% used [0x92b80000,0x92b80000,0x92e00000)
 ParOldGen       total 43776K, used 107K [0x66e00000, 0x698c0000, 0x918c0000)
  object space 43776K, 0% used [0x66e00000,0x66e1ae20,0x698c0000)
 Metaspace       used 6052K, capacity 6122K, committed 6168K, reserved 6448K
Event: 53.254 GC heap after
Heap after GC invocations=2 (full 0):
 PSYoungGen      total 19200K, used 2545K [0x918c0000, 0x92e00000, 0xa6e00000)
  eden space 16640K, 0% used [0x918c0000,0x918c0000,0x92900000)
  from space 2560K, 99% used [0x92b80000,0x92dfc710,0x92e00000)
  to   space 2560K, 0% used [0x92900000,0x92900000,0x92b80000)
 ParOldGen       total 43776K, used 1200K [0x66e00000, 0x698c0000, 0x918c0000)
  object space 43776K, 2% used [0x66e00000,0x66f2c2d8,0x698c0000)
 Metaspace       used 6052K, capacity 6122K, committed 6168K, reserved 6448K
}

Deoptimization events (10 events):
Event: 33.811 Thread 0xb6207800 Uncommon trap: reason=bimorphic action=maybe_recompile pc=0xa736235c method=java.util.HashMap.getNode(ILjava/lang/Object;)Ljava/util/HashMap$Node; @ 126
Event: 33.811 Thread 0xb6207800 Uncommon trap: reason=unstable_if action=reinterpret pc=0xa732b68c method=sun.misc.URLClassPath$JarLoader.getResource(Ljava/lang/String;Z)Lsun/misc/Resource; @ 4
Event: 33.812 Thread 0xb6207800 Uncommon trap: reason=unstable_if action=reinterpret pc=0xa731b18c method=sun.misc.URLClassPath.getLoader(I)Lsun/misc/URLClassPath$Loader; @ 36
Event: 33.812 Thread 0xb6207800 Uncommon trap: reason=bimorphic action=maybe_recompile pc=0xa736235c method=java.util.HashMap.getNode(ILjava/lang/Object;)Ljava/util/HashMap$Node; @ 126
Event: 36.507 Thread 0xb6207800 Uncommon trap: reason=bimorphic action=maybe_recompile pc=0xa736235c method=java.util.HashMap.getNode(ILjava/lang/Object;)Ljava/util/HashMap$Node; @ 126
Event: 36.508 Thread 0xb6207800 Uncommon trap: reason=unstable_if action=reinterpret pc=0xa7362300 method=java.util.HashMap.getNode(ILjava/lang/Object;)Ljava/util/HashMap$Node; @ 62
Event: 36.508 Thread 0xb6207800 Uncommon trap: reason=bimorphic action=maybe_recompile pc=0xa7357bb0 method=java.util.HashMap.getNode(ILjava/lang/Object;)Ljava/util/HashMap$Node; @ 126
Event: 59.721 Thread 0xb6207800 Uncommon trap: reason=predicate action=maybe_recompile pc=0xa7439114 method=groovyjarjarantlr.InputBuffer.syncConsume()V @ 7
Event: 59.721 Thread 0xb6207800 Uncommon trap: reason=predicate action=maybe_recompile pc=0xa74359e8 method=groovyjarjarantlr.InputBuffer.syncConsume()V @ 7
Event: 59.721 Thread 0xb6207800 Uncommon trap: reason=predicate action=maybe_recompile pc=0xa743a08c method=groovyjarjarantlr.InputBuffer.syncConsume()V @ 7

Internal exceptions (10 events):
Event: 48.933 Thread 0xb6207800 Exception <a 'java/lang/ArrayIndexOutOfBoundsException'> (0x9252f308) thrown at [/build/openjdk-8-Y4imzb/openjdk-8-8u151-b12/src/hotspot/src/share/vm/runtime/sharedRuntime.cpp, line 605]
Event: 48.933 Thread 0xb6207800 Exception <a 'java/lang/ArrayIndexOutOfBoundsException'> (0x92530158) thrown at [/build/openjdk-8-Y4imzb/openjdk-8-8u151-b12/src/hotspot/src/share/vm/runtime/sharedRuntime.cpp, line 605]
Event: 49.065 Thread 0xb6207800 Exception <a 'java/lang/ArrayIndexOutOfBoundsException'> (0x92530f88) thrown at [/build/openjdk-8-Y4imzb/openjdk-8-8u151-b12/src/hotspot/src/share/vm/runtime/sharedRuntime.cpp, line 605]
Event: 49.065 Thread 0xb6207800 Exception <a 'java/lang/ArrayIndexOutOfBoundsException'> (0x92532080) thrown at [/build/openjdk-8-Y4imzb/openjdk-8-8u151-b12/src/hotspot/src/share/vm/runtime/sharedRuntime.cpp, line 605]
Event: 49.066 Thread 0xb6207800 Exception <a 'java/lang/ArrayIndexOutOfBoundsException'> (0x92532ed0) thrown at [/build/openjdk-8-Y4imzb/openjdk-8-8u151-b12/src/hotspot/src/share/vm/runtime/sharedRuntime.cpp, line 605]
Event: 49.067 Thread 0xb6207800 Exception <a 'java/lang/ArrayIndexOutOfBoundsException'> (0x92533d18) thrown at [/build/openjdk-8-Y4imzb/openjdk-8-8u151-b12/src/hotspot/src/share/vm/runtime/sharedRuntime.cpp, line 605]
Event: 49.129 Thread 0xb6207800 Exception <a 'java/lang/ArrayIndexOutOfBoundsException'> (0x92534e48) thrown at [/build/openjdk-8-Y4imzb/openjdk-8-8u151-b12/src/hotspot/src/share/vm/runtime/sharedRuntime.cpp, line 605]
Event: 49.130 Thread 0xb6207800 Exception <a 'java/lang/ArrayIndexOutOfBoundsException'> (0x92535d00) thrown at [/build/openjdk-8-Y4imzb/openjdk-8-8u151-b12/src/hotspot/src/share/vm/runtime/sharedRuntime.cpp, line 605]
Event: 49.156 Thread 0xb6207800 Exception <a 'java/lang/ArrayIndexOutOfBoundsException'> (0x92536bb0) thrown at [/build/openjdk-8-Y4imzb/openjdk-8-8u151-b12/src/hotspot/src/share/vm/runtime/sharedRuntime.cpp, line 605]
Event: 49.157 Thread 0xb6207800 Exception <a 'java/lang/ArrayIndexOutOfBoundsException'> (0x92537c68) thrown at [/build/openjdk-8-Y4imzb/openjdk-8-8u151-b12/src/hotspot/src/share/vm/runtime/sharedRuntime.cpp, line 605]

Events (10 events):
Event: 59.721 Thread 0xb6207800 Uncommon trap: trap_request=0xffffff86 fr.pc=0xa743a08c
Event: 59.721 Thread 0xb6207800 DEOPT PACKING pc=0xa743a08c sp=0xb63cc3f0
Event: 59.721 Thread 0xb6207800 DEOPT UNPACKING pc=0xa7227bd5 sp=0xb63cc3b0 mode 2
Event: 60.113 Thread 0x637a7400 flushing nmethod 0xa7292f48
Event: 60.113 Thread 0x637a7400 flushing nmethod 0xa7293448
Event: 60.113 Thread 0x637a7400 flushing nmethod 0xa72937c8
Event: 60.113 Thread 0x637a7400 flushing nmethod 0xa7293a48
Event: 62.062 loading class java/math/BigDecimal$1
Event: 62.062 loading class java/math/BigDecimal$1 done
Event: 62.162 loading class sun/misc/FloatingDecimal


Dynamic libraries:
08048000-08049000 r-xp 00000000 08:01 1693306    /usr/lib/jvm/java-8-openjdk-i386/jre/bin/java
08049000-0804a000 r--p 00000000 08:01 1693306    /usr/lib/jvm/java-8-openjdk-i386/jre/bin/java
0804a000-0804b000 rw-p 00001000 08:01 1693306    /usr/lib/jvm/java-8-openjdk-i386/jre/bin/java
0993c000-0995d000 rw-p 00000000 00:00 0          [heap]
61a00000-61b30000 rw-p 00000000 00:00 0 
61b30000-61c00000 ---p 00000000 00:00 0 
61c00000-61c40000 rw-p 00000000 00:00 0 
61c60000-61d00000 ---p 00000000 00:00 0 
61d00000-61dcd000 rw-p 00000000 00:00 0 
61dcd000-61e00000 ---p 00000000 00:00 0 
61e00000-61e29000 rw-p 00000000 00:00 0 
61e29000-61f00000 ---p 00000000 00:00 0 
61f00000-61fef000 rw-p 00000000 00:00 0 
61fef000-62000000 ---p 00000000 00:00 0 
62000000-62100000 rw-p 00000000 00:00 0 
62100000-62200000 rw-p 00000000 00:00 0 
62200000-622fd000 rw-p 00000000 00:00 0 
622fd000-62300000 ---p 00000000 00:00 0 
62300000-623fd000 rw-p 00000000 00:00 0 
623fd000-62400000 ---p 00000000 00:00 0 
62400000-624fa000 rw-p 00000000 00:00 0 
624fa000-62500000 ---p 00000000 00:00 0 
62500000-625ff000 rw-p 00000000 00:00 0 
625ff000-62600000 ---p 00000000 00:00 0 
6262a000-626a3000 r--s 010fe000 08:01 1694179    /usr/lib/jvm/java-8-openjdk-i386/lib/tools.jar
626a3000-626a6000 r--s 00023000 08:01 2478896    /home/sarnobat/github/groovy_libraries/.groovy/lib/maven-shared-utils-0.1.jar
626a6000-626a9000 r--s 0000b000 08:01 2478399    /home/sarnobat/github/groovy_libraries/.groovy/lib/concurrentlinkedhashmap-lru-1.3.1.jar
626a9000-626b0000 r--s 0005b000 08:01 2478897    /home/sarnobat/github/groovy_libraries/.groovy/lib/mongo-java-driver-2.10.1.jar
626b0000-626b2000 r--s 0000c000 08:01 2478389    /home/sarnobat/github/groovy_libraries/.groovy/lib/commons-exec-1.3.jar
626b2000-626b3000 r--s 0000a000 08:01 2478397    /home/sarnobat/github/groovy_libraries/.groovy/lib/commons-logging-api-1.1.jar
626b3000-626b5000 r--s 00008000 08:01 2478930    /home/sarnobat/github/groovy_libraries/.groovy/lib/vget-1.1.5.jar
626b5000-626c3000 r--s 000ad000 08:01 2478846    /home/sarnobat/github/groovy_libraries/.groovy/lib/jackson-mapper-asl-1.9.2.jar
626c3000-626d0000 r--s 000a2000 08:01 2478391    /home/sarnobat/github/groovy_libraries/.groovy/lib/commons-imaging-1.0-R1480221.jar
626d0000-626d2000 r--s 00000000 08:01 2478907    /home/sarnobat/github/groovy_libraries/.groovy/lib/plexus-component-annotations-1.5.5.jar
626d2000-626d6000 r--s 0000c000 08:01 2478929    /home/sarnobat/github/groovy_libraries/.groovy/lib/validation-api-1.1.0.Final.jar
626d6000-626db000 r--s 0002a000 08:01 2478419    /home/sarnobat/github/groovy_libraries/.groovy/lib/gson-2.2.4.jar
626db000-62700000 r--s 002e3000 08:01 2478932    /home/sarnobat/github/groovy_libraries/.groovy/lib/xalan-2.7.1.jar
62700000-627fa000 rw-p 00000000 00:00 0 
627fa000-62800000 ---p 00000000 00:00 0 
62800000-628fa000 rw-p 00000000 00:00 0 
628fa000-62900000 ---p 00000000 00:00 0 
62900000-62901000 r--s 00004000 08:01 2478901    /home/sarnobat/github/groovy_libraries/.groovy/lib/opencsv-2.3.jar
62901000-62903000 r--s 00005000 08:01 2478924    /home/sarnobat/github/groovy_libraries/.groovy/lib/slf4j-api-1.7.5.jar
62903000-62904000 r--s 00002000 08:01 2478875    /home/sarnobat/github/groovy_libraries/.groovy/lib/jsch.agentproxy.connector-factory-0.0.6.jar
62904000-62911000 r--s 00082000 08:01 2478856    /home/sarnobat/github/groovy_libraries/.groovy/lib/jersey-common-2.0.jar
62911000-62913000 r--s 0000d000 08:01 2478912    /home/sarnobat/github/groovy_libraries/.groovy/lib/plexus-interpolation-1.13.jar
62913000-62916000 r--s 0001b000 08:01 2478888    /home/sarnobat/github/groovy_libraries/.groovy/lib/junit-3.8.2.jar
62916000-62917000 r--s 00001000 08:01 2478400    /home/sarnobat/github/groovy_libraries/.groovy/lib/doxia-sink-api-1.0-alpha-7.jar
62917000-62919000 r--s 00011000 08:01 2478873    /home/sarnobat/github/groovy_libraries/.groovy/lib/jsch-extension-0.1.3.jar
62919000-62948000 r--s 0028b000 08:01 2478865    /home/sarnobat/github/groovy_libraries/.groovy/lib/jetty-all-9.2.21.v20170120.jar
62948000-6294c000 r--s 00040000 08:01 2478871    /home/sarnobat/github/groovy_libraries/.groovy/lib/jsch-0.1.53-sources.jar
6294c000-6294f000 r--s 00023000 08:01 2478853    /home/sarnobat/github/groovy_libraries/.groovy/lib/jdom-1.0.jar
6294f000-62950000 r--s 00003000 08:01 2478407    /home/sarnobat/github/groovy_libraries/.groovy/lib/geronimo-jta_1.1_spec-1.1.1.jar
62950000-62951000 r--s 00003000 08:01 2478857    /home/sarnobat/github/groovy_libraries/.groovy/lib/jersey-container-jdk-http-2.0.jar
62951000-62955000 r--s 0003b000 08:01 2478870    /home/sarnobat/github/groovy_libraries/.groovy/lib/jsch-0.1.50.jar.disabled
62955000-62959000 r--s 00032000 08:01 2478915    /home/sarnobat/github/groovy_libraries/.groovy/lib/rome-1.0.jar
62959000-62964000 r--s 00068000 08:01 2478859    /home/sarnobat/github/groovy_libraries/.groovy/lib/jersey-core-1.17.1.jar
62964000-62966000 r--s 0000d000 08:01 2479615    /home/sarnobat/github/groovy_libraries/.groovy/lib/commons-codec-1.4.jar
62966000-62967000 r--s 00007000 08:01 2478923    /home/sarnobat/github/groovy_libraries/.groovy/lib/slf4j-api-1.7.12.jar
62967000-62969000 r--s 0000a000 08:01 2478931    /home/sarnobat/github/groovy_libraries/.groovy/lib/wget-1.2.9.jar
62969000-62978000 r--s 00095000 08:01 2478927    /home/sarnobat/github/groovy_libraries/.groovy/lib/sshd-core-0.14.0.jar
62978000-62979000 r--s 00001000 08:01 2478881    /home/sarnobat/github/groovy_libraries/.groovy/lib/jsch.agentproxy.usocket-jna-0.0.6.jar
62979000-6297b000 r--s 00000000 08:01 2478877    /home/sarnobat/github/groovy_libraries/.groovy/lib/jsch.agentproxy.jsch-0.0.6.jar
6297b000-6297f000 r--s 0001d000 08:01 2478933    /home/sarnobat/github/groovy_libraries/.groovy/lib/xbean-reflect-3.4.jar
6297f000-62984000 r--s 00047000 08:01 2478381    /home/sarnobat/github/groovy_libraries/.groovy/lib/asm-all-repackaged-2.1.88.jar
62984000-62986000 r--s 00000000 08:01 2478906    /home/sarnobat/github/groovy_libraries/.groovy/lib/plexus-compiler-manager-2.0.jar
62986000-62988000 r--s 00002000 08:01 2478895    /home/sarnobat/github/groovy_libraries/.groovy/lib/maven-shared-incremental-1.0.jar
62988000-6298a000 r--s 00001000 08:01 2478876    /home/sarnobat/github/groovy_libraries/.groovy/lib/jsch.agentproxy.core-0.0.6.jar
6298a000-6298c000 r--s 00282000 08:01 2478919    /home/sarnobat/github/groovy_libraries/.groovy/lib/selenium-firefox-driver-2.45.0.jar
6298c000-6298e000 r--s 00005000 08:01 2478847    /home/sarnobat/github/groovy_libraries/.groovy/lib/javax.annotation-api-1.2.jar
6298e000-6298f000 r--s 00001000 08:01 2478878    /home/sarnobat/github/groovy_libraries/.groovy/lib/jsch.agentproxy.pageant-0.0.6.jar
6298f000-62991000 r--s 00000000 08:01 2478879    /home/sarnobat/github/groovy_libraries/.groovy/lib/jsch.agentproxy.sshagent-0.0.6.jar
62991000-62993000 r--s 0000d000 08:01 2478416    /home/sarnobat/github/groovy_libraries/.groovy/lib/google-oauth-client-1.17.0-rc.jar
62993000-62997000 r--s 00025000 08:01 2478408    /home/sarnobat/github/groovy_libraries/.groovy/lib/google-api-client-1.17.0-rc.jar
62997000-62998000 r--s 00001000 08:01 2478903    /home/sarnobat/github/groovy_libraries/.groovy/lib/plexus-build-api-0.0.4.jar
62998000-6299b000 r--s 0001b000 08:01 2478887    /home/sarnobat/github/groovy_libraries/.groovy/lib/junit-3.8.1.jar
6299b000-6299f000 r--s 00019000 08:01 2478855    /home/sarnobat/github/groovy_libraries/.groovy/lib/jersey-client-2.0.jar
6299f000-629a1000 r--s 0000d000 08:01 2478874    /home/sarnobat/github/groovy_libraries/.groovy/lib/jsch-nio-0.1.5.jar
629a1000-629a7000 r--s 00033000 08:01 2478921    /home/sarnobat/github/groovy_libraries/.groovy/lib/selenium-remote-driver-2.45.0.jar
629a7000-629ab000 r--s 0002f000 08:01 2478845    /home/sarnobat/github/groovy_libraries/.groovy/lib/jackson-core-2.1.3.jar
629ab000-629d4000 r--s 001ee000 08:01 2478420    /home/sarnobat/github/groovy_libraries/.groovy/lib/guava-14.0.1.jar
629d4000-629d7000 r--s 00015000 08:01 2478409    /home/sarnobat/github/groovy_libraries/.groovy/lib/google-api-services-calendar-v3-rev72-1.17.0-rc.jar
629d7000-629d9000 r--s 0000b000 08:01 2478427    /home/sarnobat/github/groovy_libraries/.groovy/lib/hk2-utils-2.1.88.jar
629d9000-629df000 r--s 00042000 08:01 2478885    /home/sarnobat/github/groovy_libraries/.groovy/lib/jsoup-1.7.2.jar
629df000-629ed000 r--s 0007f000 08:01 2478387    /home/sarnobat/github/groovy_libraries/.groovy/lib/commons-collections-3.2.1.jar
629ed000-629f8000 r--s 00085000 08:01 2478429    /home/sarnobat/github/groovy_libraries/.groovy/lib/httpclient-4.3.3.jar
629f8000-629f9000 r--s 00002000 08:01 2478417    /home/sarnobat/github/groovy_libraries/.groovy/lib/google-oauth-client-java6-1.17.0-rc.jar
629f9000-629fa000 r--s 00001000 08:01 2478883    /home/sarnobat/github/groovy_libraries/.groovy/lib/jsch.agentproxy.usocket-nc-0.0.6.jar
629fa000-629fe000 r--s 00017000 08:01 2478928    /home/sarnobat/github/groovy_libraries/.groovy/lib/thumbnailator-0.4.8.jar
629fe000-62a00000 r--s 0001f000 08:01 2478922    /home/sarnobat/github/groovy_libraries/.groovy/lib/servlet-api-2.5-20081211.jar
62a00000-62aff000 rw-p 00000000 00:00 0 
62aff000-62b00000 ---p 00000000 00:00 0 
62b00000-62b69000 r--s 003e4000 08:01 2478899    /home/sarnobat/github/groovy_libraries/.groovy/lib/neo4j-cypher-1.9.2.jar
62b69000-62b6b000 r--s 0001d000 08:01 2478425    /home/sarnobat/github/groovy_libraries/.groovy/lib/hk2-locator-2.1.88.jar
62b6b000-62b6f000 r--s 00018000 08:01 2478424    /home/sarnobat/github/groovy_libraries/.groovy/lib/hk2-api-2.1.88.jar
62b6f000-62b70000 r--s 00002000 08:01 2478918    /home/sarnobat/github/groovy_libraries/.groovy/lib/selenium-chrome-driver-2.45.0.jar
62b70000-62b74000 r--s 00024000 08:01 2478861    /home/sarnobat/github/groovy_libraries/.groovy/lib/jersey-json-1.17.1.jar
62b74000-62b78000 r--s 0002a000 08:01 2478393    /home/sarnobat/github/groovy_libraries/.groovy/lib/commons-io-2.4.jar
62b78000-62b97000 r--s 00153000 08:01 2478900    /home/sarnobat/github/groovy_libraries/.groovy/lib/neo4j-kernel-1.9.2.jar
62b97000-62b9e000 r--s 00051000 08:01 2478889    /home/sarnobat/github/groovy_libraries/.groovy/lib/log4j-1.2.12.jar
62b9e000-62b9f000 r--s 00006000 08:01 2478926    /home/sarnobat/github/groovy_libraries/.groovy/lib/solr-commons-csv-3.5.0.jar
62b9f000-62ba3000 r--s 00018000 08:01 2478852    /home/sarnobat/github/groovy_libraries/.groovy/lib/javax.ws.rs-api-2.0.jar
62ba3000-62ba5000 r--s 0000b000 08:01 2478388    /home/sarnobat/github/groovy_libraries/.groovy/lib/commons-exec-1.1.jar
62ba5000-62ba7000 r--s 00001000 08:01 2478925    /home/sarnobat/github/groovy_libraries/.groovy/lib/slf4j-log4j12-1.7.12.jar
62ba7000-62ba9000 r--s 00005000 08:01 2478904    /home/sarnobat/github/groovy_libraries/.groovy/lib/plexus-compiler-api-2.0.jar
62ba9000-62baa000 r--s 00002000 08:01 2478893    /home/sarnobat/github/groovy_libraries/.groovy/lib/maven-reporting-api-2.0.6.jar
62baa000-62bb0000 r--s 0003c000 08:01 2478412    /home/sarnobat/github/groovy_libraries/.groovy/lib/google-http-client-1.17.0-rc.jar
62bb0000-62bb4000 r--s 00028000 08:01 2478867    /home/sarnobat/github/groovy_libraries/.groovy/lib/jetty-util-6.1.26.jar
62bb4000-62bb6000 r--s 00009000 08:01 2478891    /home/sarnobat/github/groovy_libraries/.groovy/lib/maven-compiler-plugin-3.0.jar
62bb6000-62bbd000 r--s 00058000 08:01 2478396    /home/sarnobat/github/groovy_libraries/.groovy/lib/commons-lang3-3.2.1.jar
62bbd000-62bbf000 r--s 0000c000 08:01 2478385    /home/sarnobat/github/groovy_libraries/.groovy/lib/commons-cli-1.4.jar
62bbf000-62bc1000 r--s 00007000 08:01 2478892    /home/sarnobat/github/groovy_libraries/.groovy/lib/maven-filtering-1.0-beta-4.jar
62bc1000-62bc2000 r--s 00004000 08:01 2478905    /home/sarnobat/github/groovy_libraries/.groovy/lib/plexus-compiler-javac-2.0.jar
62bc2000-62bc9000 r--s 00048000 08:01 2478841    /home/sarnobat/github/groovy_libraries/.groovy/lib/httpcore-4.4.1.jar
62bc9000-62bcd000 r--s 000dc000 08:01 2478869    /home/sarnobat/github/groovy_libraries/.groovy/lib/jna-4.1.0.jar
62bcd000-62bd3000 r--s 00043000 08:01 2478402    /home/sarnobat/github/groovy_libraries/.groovy/lib/genson-0.98.jar
62bd3000-62bd4000 r--s 00005000 08:01 2478894    /home/sarnobat/github/groovy_libraries/.groovy/lib/maven-resources-plugin-2.4.3.jar
62bd4000-62bd6000 r--s 00005000 08:01 2478844    /home/sarnobat/github/groovy_libraries/.groovy/lib/httpmime-4.2.3.jar
62bd6000-62bda000 r--s 0003c000 08:01 2478394    /home/sarnobat/github/groovy_libraries/.groovy/lib/commons-lang-2.4.jar
62bda000-62bde000 r--s 00030000 08:01 2478913    /home/sarnobat/github/groovy_libraries/.groovy/lib/plexus-utils-1.5.1.jar
62bde000-62be5000 r--s 0003f000 08:01 2478382    /home/sarnobat/github/groovy_libraries/.groovy/lib/cglib-2.1.88.jar
62be5000-62be8000 r--s 00012000 08:01 2478851    /home/sarnobat/github/groovy_libraries/.groovy/lib/javax.json-1.0.4.jar
62be8000-62be9000 r--s 0000f000 08:01 2478884    /home/sarnobat/github/groovy_libraries/.groovy/lib/json-20131018.jar
62be9000-62bee000 r--s 0002b000 08:01 2478401    /home/sarnobat/github/groovy_libraries/.groovy/lib/fuse-jna-0.0.1-SNAPSHOT.jar
62bee000-62c00000 r--s 00099000 08:01 2478863    /home/sarnobat/github/groovy_libraries/.groovy/lib/jersey-server-2.0.jar
62c00000-62cfc000 rw-p 00000000 00:00 0 
62cfc000-62d00000 ---p 00000000 00:00 0 
62d00000-62dfc000 rw-p 00000000 00:00 0 
62dfc000-62e00000 ---p 00000000 00:00 0 
62e00000-62e01000 r--s 00001000 08:01 2478418    /home/sarnobat/github/groovy_libraries/.groovy/lib/google-oauth-client-jetty-1.17.0-rc.jar
62e01000-62e03000 r--s 00006000 08:01 2478886    /home/sarnobat/github/groovy_libraries/.groovy/lib/jsr305-2.0.1.jar
62e03000-62e04000 r--s 00001000 08:01 2478415    /home/sarnobat/github/groovy_libraries/.groovy/lib/google-http-client-jackson2-1.17.0-rc.jar
62e04000-62e06000 r--s 00002000 08:01 2478911    /home/sarnobat/github/groovy_libraries/.groovy/lib/plexus-interactivity-api-1.0-alpha-4.jar
62e06000-62e07000 r--s 00004000 08:01 2478902    /home/sarnobat/github/groovy_libraries/.groovy/lib/osgi-resource-locator-1.0.1.jar
62e07000-62e0c000 r--s 0001d000 08:01 2478917    /home/sarnobat/github/groovy_libraries/.groovy/lib/selenium-api-2.45.0.jar
62e0c000-62e13000 r--s 00064000 08:01 2478890    /home/sarnobat/github/groovy_libraries/.groovy/lib/mail-1.4.2.jar
62e13000-62e14000 r--s 00001000 08:01 2478848    /home/sarnobat/github/groovy_libraries/.groovy/lib/javax.inject-2.1.88.jar
62e14000-62e1b000 r--s 00050000 08:01 2478843    /home/sarnobat/github/groovy_libraries/.groovy/lib/httpcore-nio-4.4.1.jar
62e1b000-62e1f000 r--s 00033000 08:01 2478914    /home/sarnobat/github/groovy_libraries/.groovy/lib/plexus-utils-2.0.5.jar
62e1f000-62e90000 r--s 00658000 08:01 2478916    /home/sarnobat/github/groovy_libraries/.groovy/lib/scala-library-2.10.0.jar
62e90000-62e9e000 r--s 000c8000 08:01 1149227    /usr/share/java/testng.jar
62e9e000-62eb3000 r--s 00124000 08:01 1147882    /usr/share/java/ivy-2.3.0.jar
62eb3000-62f00000 r--s 0040d000 08:01 1149211    /usr/share/java/groovy-2.x.jar
62f00000-62ffc000 rw-p 00000000 00:00 0 
62ffc000-63000000 ---p 00000000 00:00 0 
63000000-63003000 r--s 0001d000 08:01 2478854    /home/sarnobat/github/groovy_libraries/.groovy/lib/jersey-client-1.17.1.jar
63003000-63005000 r--s 0001b000 08:01 1693924    /usr/share/maven-repo/org/codehaus/groovy/groovy-docgenerator/2.4.5/groovy-docgenerator-2.4.5.jar
63005000-63007000 r--s 00011000 08:01 1147685    /usr/share/java/jsp-api-2.1.jar
63007000-63009000 r--s 0000c000 08:01 1149198    /usr/share/java/asm4-5.0.4.jar
63009000-6300b000 r--s 00006000 08:01 1149197    /usr/share/java/asm4-tree-5.0.4.jar
6300b000-6300d000 r--s 00012000 08:01 1839680    /usr/share/maven-repo/org/codehaus/groovy/groovy-test/2.4.5/groovy-test-2.4.5.jar
6300d000-6305a000 r--s 0040d000 08:01 1149211    /usr/share/java/groovy-2.x.jar
6305a000-6305b000 ---p 00000000 00:00 0 
6305b000-630db000 rw-p 00000000 00:00 0 
630db000-630de000 ---p 00000000 00:00 0 
630de000-6312c000 rw-p 00000000 00:00 0 
6312c000-6312f000 ---p 00000000 00:00 0 
6312f000-631ad000 rw-p 00000000 00:00 0 
631ad000-631b0000 ---p 00000000 00:00 0 
631b0000-6322e000 rw-p 00000000 00:00 0 
6322e000-63231000 ---p 00000000 00:00 0 
63231000-632af000 rw-p 00000000 00:00 0 
632af000-632b2000 ---p 00000000 00:00 0 
632b2000-63300000 rw-p 00000000 00:00 0 
63300000-63500000 r--p 00000000 08:01 1105218    /usr/lib/locale/locale-archive
63500000-635f9000 rw-p 00000000 00:00 0 
635f9000-63600000 ---p 00000000 00:00 0 
63600000-63621000 rw-p 00000000 00:00 0 
63621000-63700000 ---p 00000000 00:00 0 
63700000-637fc000 rw-p 00000000 00:00 0 
637fc000-63800000 ---p 00000000 00:00 0 
63800000-63801000 r--s 00006000 08:01 1693894    /usr/share/maven-repo/org/codehaus/groovy/groovy-servlet/2.4.5/groovy-servlet-2.4.5.jar
63801000-63802000 r--s 00004000 08:01 1144744    /usr/share/java/ant-launcher-1.9.6.jar
63802000-63804000 r--s 00019000 08:01 1149207    /usr/share/java/jline2.jar
63804000-63806000 r--s 00001000 08:01 1839692    /usr/share/maven-repo/org/codehaus/groovy/groovy-testng/2.4.5/groovy-testng-2.4.5.jar
63806000-63813000 r--s 00076000 08:01 1147859    /usr/share/java/xstream-1.4.8.jar
63813000-63816000 ---p 00000000 00:00 0 
63816000-63864000 rw-p 00000000 00:00 0 
63864000-63865000 ---p 00000000 00:00 0 
63865000-638e5000 rw-p 00000000 00:00 0 
638e5000-63ab4000 r--s 03c21000 08:01 1693223    /usr/lib/jvm/java-8-openjdk-i386/jre/lib/rt.jar
63ab4000-63efa000 rw-p 00000000 00:00 0 
63efa000-63f00000 ---p 00000000 00:00 0 
63f00000-66300000 rw-p 00000000 00:00 0 
66300000-663fd000 rw-p 00000000 00:00 0 
663fd000-66400000 ---p 00000000 00:00 0 
66400000-66401000 r--s 00005000 08:01 1147905    /usr/share/java/jansi-1.4.jar
66401000-66403000 r--s 00016000 08:01 1839697    /usr/share/maven-repo/org/codehaus/groovy/groovy-templates/2.4.5/groovy-templates-2.4.5.jar
66403000-66405000 r--s 00004000 08:01 1839662    /usr/share/maven-repo/org/codehaus/groovy/groovy-jsr223/2.4.5/groovy-jsr223-2.4.5.jar
66405000-66408000 r--s 0001e000 08:01 1147684    /usr/share/java/servlet-api-2.5.jar
66408000-66409000 r--s 00003000 08:01 1147898    /usr/share/java/hawtjni-runtime-1.10.jar
66409000-6640a000 r--s 00001000 08:01 1147901    /usr/share/java/jansi-native-1.0.jar
6640a000-6640b000 r--s 00005000 08:01 1147905    /usr/share/java/jansi-1.4.jar
6640b000-6640f000 r--s 00028000 08:01 1149209    /usr/share/java/qdox-1.12.1.jar
6640f000-66413000 r--s 0001e000 08:01 1839667    /usr/share/maven-repo/org/codehaus/groovy/groovy-groovydoc/2.4.5/groovy-groovydoc-2.4.5.jar
66413000-66414000 r--s 0000d000 08:01 1147020    /usr/share/java/commons-logging-1.2.jar
66414000-66419000 r--s 00068000 08:01 1144929    /usr/share/java/antlr.jar
66419000-6641c000 r--s 0001d000 08:01 1839643    /usr/share/maven-repo/org/codehaus/groovy/groovy-json/2.4.5/groovy-json-2.4.5.jar
6641c000-6641f000 r--s 0000d000 08:01 1149225    /usr/share/java/jcommander.jar
6641f000-66421000 r--s 0000a000 08:01 1147016    /usr/share/java/commons-cli-1.3.1.jar
66421000-66424000 r--s 00010000 08:01 1145778    /usr/share/java/bsf-2.4.0.jar
66424000-66428000 r--s 00031000 08:01 1693912    /usr/share/maven-repo/org/codehaus/groovy/groovy-xml/2.4.5/groovy-xml-2.4.5.jar
66428000-6642e000 r--s 0005e000 08:01 1693906    /usr/share/maven-repo/org/codehaus/groovy/groovy-groovysh/2.4.5/groovy-groovysh-2.4.5.jar
6642e000-66431000 ---p 00000000 00:00 0 
66431000-6647f000 rw-p 00000000 00:00 0 
6647f000-66480000 ---p 00000000 00:00 0 
66480000-66500000 rw-p 00000000 00:00 0 
66500000-665f9000 rw-p 00000000 00:00 0 
665f9000-66600000 ---p 00000000 00:00 0 
66600000-66602000 r--s 0001b000 08:01 1145289    /usr/share/java/ant-junit-1.9.6.jar
66602000-66604000 r--s 0001d000 08:01 1693929    /usr/share/maven-repo/org/codehaus/groovy/groovy-jmx/2.4.5/groovy-jmx-2.4.5.jar
66604000-66623000 r--s 001d1000 08:01 1144743    /usr/share/java/ant-1.9.6.jar
66623000-66625000 r--s 00004000 08:01 1149192    /usr/share/java/asm4-analysis-5.0.4.jar
66625000-66631000 r--s 00094000 08:01 1693917    /usr/share/maven-repo/org/codehaus/groovy/groovy-console/2.4.5/groovy-console-2.4.5.jar
66631000-6667f000 rw-p 00000000 00:00 0 
6667f000-66680000 ---p 00000000 00:00 0 
66680000-66700000 rw-p 00000000 00:00 0 
66700000-66721000 rw-p 00000000 00:00 0 
66721000-66800000 ---p 00000000 00:00 0 
66800000-66801000 r--s 0000a000 08:01 1149195    /usr/share/java/asm4-util-5.0.4.jar
66801000-66809000 r--s 00045000 08:01 1147522    /usr/share/java/junit4-4.12.jar
66809000-66824000 r--s 00394000 08:01 1693228    /usr/lib/jvm/java-8-openjdk-i386/jre/lib/ext/cldrdata.jar
66824000-6687f000 rw-p 00000000 00:00 0 
6687f000-66880000 ---p 00000000 00:00 0 
66880000-66900000 rw-p 00000000 00:00 0 
66900000-66921000 rw-p 00000000 00:00 0 
66921000-66a00000 ---p 00000000 00:00 0 
66a00000-66a01000 r--s 0000d000 08:01 1149216    /usr/share/java/jsr166y-1.7.0.jar
66a01000-66a03000 r--s 0000a000 08:01 1147024    /usr/share/java/hamcrest-core-1.3.jar
66a03000-66a09000 r--s 00051000 08:01 1839686    /usr/share/maven-repo/org/codehaus/groovy/groovy-swing/2.4.5/groovy-swing-2.4.5.jar
66a09000-66a0b000 r--s 00010000 08:01 1839656    /usr/share/maven-repo/org/codehaus/groovy/groovy-ant/2.4.5/groovy-ant-2.4.5.jar
66a0b000-66a0d000 r--s 00012000 08:01 1839650    /usr/share/maven-repo/org/codehaus/groovy/groovy-sql/2.4.5/groovy-sql-2.4.5.jar
66a0d000-66a28000 r--s 001d6000 08:01 1693230    /usr/lib/jvm/java-8-openjdk-i386/jre/lib/ext/nashorn.jar
66a28000-66a29000 ---p 00000000 00:00 0 
66a29000-66abf000 rw-p 00000000 00:00 0 
66abf000-66bff000 ---p 00000000 00:00 0 
66bff000-66c15000 rw-p 00000000 00:00 0 
66c15000-66d54000 ---p 00000000 00:00 0 
66d54000-66d5f000 rw-p 00000000 00:00 0 
66d5f000-66dff000 ---p 00000000 00:00 0 
66dff000-698c0000 rw-p 00000000 00:00 0 
698c0000-918c0000 ---p 00000000 00:00 0 
918c0000-92e00000 rw-p 00000000 00:00 0 
92e00000-a6e00000 ---p 00000000 00:00 0 
a6e00000-a6e01000 r--s 00002000 08:01 1145284    /usr/share/java/ant-antlr-1.9.6.jar
a6e01000-a6e03000 r--s 00009000 08:01 1148102    /usr/share/java/asm4-commons-5.0.4.jar
a6e03000-a6e05000 r--s 00008000 08:01 1693232    /usr/lib/jvm/java-8-openjdk-i386/jre/lib/ext/sunec.jar
a6e05000-a6e0b000 r--s 0003a000 08:01 1693231    /usr/lib/jvm/java-8-openjdk-i386/jre/lib/ext/sunjce_provider.jar
a6e0b000-a6e15000 r--s 00116000 08:01 1693233    /usr/lib/jvm/java-8-openjdk-i386/jre/lib/ext/localedata.jar
a6e15000-a6e37000 rw-p 00000000 00:00 0 
a6e37000-a71ed000 ---p 00000000 00:00 0 
a71ed000-a7465000 rwxp 00000000 00:00 0 
a7465000-b61ed000 ---p 00000000 00:00 0 
b61ed000-b61f8000 r-xp 00000000 08:01 3401300    /lib/i386-linux-gnu/libnss_files-2.23.so
b61f8000-b61f9000 r--p 0000a000 08:01 3401300    /lib/i386-linux-gnu/libnss_files-2.23.so
b61f9000-b61fa000 rw-p 0000b000 08:01 3401300    /lib/i386-linux-gnu/libnss_files-2.23.so
b61fa000-b6200000 rw-p 00000000 00:00 0 
b6200000-b62fb000 rw-p 00000000 00:00 0 
b62fb000-b6300000 ---p 00000000 00:00 0 
b6300000-b6301000 r--s 00002000 08:01 1839673    /usr/share/maven-repo/org/codehaus/groovy/groovy-bsf/2.4.5/groovy-bsf-2.4.5.jar
b6301000-b630c000 r-xp 00000000 08:01 3401303    /lib/i386-linux-gnu/libnss_nis-2.23.so
b630c000-b630d000 r--p 0000a000 08:01 3401303    /lib/i386-linux-gnu/libnss_nis-2.23.so
b630d000-b630e000 rw-p 0000b000 08:01 3401303    /lib/i386-linux-gnu/libnss_nis-2.23.so
b630e000-b6325000 r-xp 00000000 08:01 3401221    /lib/i386-linux-gnu/libnsl-2.23.so
b6325000-b6326000 r--p 00016000 08:01 3401221    /lib/i386-linux-gnu/libnsl-2.23.so
b6326000-b6327000 rw-p 00017000 08:01 3401221    /lib/i386-linux-gnu/libnsl-2.23.so
b6327000-b6329000 rw-p 00000000 00:00 0 
b6329000-b6331000 r-xp 00000000 08:01 3401309    /lib/i386-linux-gnu/libnss_compat-2.23.so
b6331000-b6332000 r--p 00007000 08:01 3401309    /lib/i386-linux-gnu/libnss_compat-2.23.so
b6332000-b6333000 rw-p 00008000 08:01 3401309    /lib/i386-linux-gnu/libnss_compat-2.23.so
b6333000-b6334000 r--s 00010000 08:01 1693229    /usr/lib/jvm/java-8-openjdk-i386/jre/lib/ext/zipfs.jar
b6334000-b6336000 r--s 00001000 08:01 1693236    /usr/lib/jvm/java-8-openjdk-i386/jre/lib/ext/dnsns.jar
b6336000-b6339000 r--s 0000f000 08:01 1693227    /usr/lib/jvm/java-8-openjdk-i386/jre/lib/ext/icedtea-sound.jar
b6339000-b6341000 r-xp 00000000 08:01 1693277    /usr/lib/jvm/java-8-openjdk-i386/jre/lib/i386/libzip.so
b6341000-b6342000 r--p 00007000 08:01 1693277    /usr/lib/jvm/java-8-openjdk-i386/jre/lib/i386/libzip.so
b6342000-b6343000 rw-p 00008000 08:01 1693277    /usr/lib/jvm/java-8-openjdk-i386/jre/lib/i386/libzip.so
b6343000-b634b000 rw-s 00000000 08:01 2577042    /tmp/hsperfdata_sarnobat/7580
b634b000-b6372000 r-xp 00000000 08:01 1693258    /usr/lib/jvm/java-8-openjdk-i386/jre/lib/i386/libjava.so
b6372000-b6373000 r--p 00026000 08:01 1693258    /usr/lib/jvm/java-8-openjdk-i386/jre/lib/i386/libjava.so
b6373000-b6374000 rw-p 00027000 08:01 1693258    /usr/lib/jvm/java-8-openjdk-i386/jre/lib/i386/libjava.so
b6374000-b637b000 r-xp 00000000 08:01 3401305    /lib/i386-linux-gnu/librt-2.23.so
b637b000-b637c000 r--p 00006000 08:01 3401305    /lib/i386-linux-gnu/librt-2.23.so
b637c000-b637d000 rw-p 00007000 08:01 3401305    /lib/i386-linux-gnu/librt-2.23.so
b637d000-b6380000 ---p 00000000 00:00 0 
b6380000-b63ce000 rw-p 00000000 00:00 0 
b63ce000-b63ea000 r-xp 00000000 08:01 3402590    /lib/i386-linux-gnu/libgcc_s.so.1
b63ea000-b63eb000 rw-p 0001b000 08:01 3402590    /lib/i386-linux-gnu/libgcc_s.so.1
b63eb000-b643e000 r-xp 00000000 08:01 3401314    /lib/i386-linux-gnu/libm-2.23.so
b643e000-b643f000 r--p 00052000 08:01 3401314    /lib/i386-linux-gnu/libm-2.23.so
b643f000-b6440000 rw-p 00053000 08:01 3401314    /lib/i386-linux-gnu/libm-2.23.so
b6440000-b65ad000 r-xp 00000000 08:01 1110301    /usr/lib/i386-linux-gnu/libstdc++.so.6.0.21
b65ad000-b65ae000 ---p 0016d000 08:01 1110301    /usr/lib/i386-linux-gnu/libstdc++.so.6.0.21
b65ae000-b65b3000 r--p 0016d000 08:01 1110301    /usr/lib/i386-linux-gnu/libstdc++.so.6.0.21
b65b3000-b65b4000 rw-p 00172000 08:01 1110301    /usr/lib/i386-linux-gnu/libstdc++.so.6.0.21
b65b4000-b65b7000 rw-p 00000000 00:00 0 
b65b7000-b7088000 r-xp 00000000 08:01 1693269    /usr/lib/jvm/java-8-openjdk-i386/jre/lib/i386/server/libjvm.so
b7088000-b70ce000 r--p 00ad0000 08:01 1693269    /usr/lib/jvm/java-8-openjdk-i386/jre/lib/i386/server/libjvm.so
b70ce000-b70e5000 rw-p 00b16000 08:01 1693269    /usr/lib/jvm/java-8-openjdk-i386/jre/lib/i386/server/libjvm.so
b70e5000-b7506000 rw-p 00000000 00:00 0 
b7506000-b751f000 r-xp 00000000 08:01 3401302    /lib/i386-linux-gnu/libpthread-2.23.so
b751f000-b7520000 r--p 00018000 08:01 3401302    /lib/i386-linux-gnu/libpthread-2.23.so
b7520000-b7521000 rw-p 00019000 08:01 3401302    /lib/i386-linux-gnu/libpthread-2.23.so
b7521000-b7523000 rw-p 00000000 00:00 0 
b7523000-b7526000 r-xp 00000000 08:01 3401308    /lib/i386-linux-gnu/libdl-2.23.so
b7526000-b7527000 r--p 00002000 08:01 3401308    /lib/i386-linux-gnu/libdl-2.23.so
b7527000-b7528000 rw-p 00003000 08:01 3401308    /lib/i386-linux-gnu/libdl-2.23.so
b7528000-b7541000 r-xp 00000000 08:01 3402741    /lib/i386-linux-gnu/libz.so.1.2.8
b7541000-b7542000 r--p 00018000 08:01 3402741    /lib/i386-linux-gnu/libz.so.1.2.8
b7542000-b7543000 rw-p 00019000 08:01 3402741    /lib/i386-linux-gnu/libz.so.1.2.8
b7543000-b76f3000 r-xp 00000000 08:01 3402570    /lib/i386-linux-gnu/libc-2.23.so
b76f3000-b76f5000 r--p 001af000 08:01 3402570    /lib/i386-linux-gnu/libc-2.23.so
b76f5000-b76f6000 rw-p 001b1000 08:01 3402570    /lib/i386-linux-gnu/libc-2.23.so
b76f6000-b76f9000 rw-p 00000000 00:00 0 
b76f9000-b76fa000 r--s 0000a000 08:01 1693235    /usr/lib/jvm/java-8-openjdk-i386/jre/lib/ext/jaccess.jar
b76fa000-b76fe000 r--s 00037000 08:01 1693234    /usr/lib/jvm/java-8-openjdk-i386/jre/lib/ext/sunpkcs11.jar
b76fe000-b76ff000 r--p 002d4000 08:01 1105218    /usr/lib/locale/locale-archive
b76ff000-b7700000 rw-p 00000000 00:00 0 
b7700000-b7701000 r--p 00000000 00:00 0 
b7701000-b770f000 r-xp 00000000 08:01 1693275    /usr/lib/jvm/java-8-openjdk-i386/jre/lib/i386/libverify.so
b770f000-b7710000 r--p 0000d000 08:01 1693275    /usr/lib/jvm/java-8-openjdk-i386/jre/lib/i386/libverify.so
b7710000-b7711000 rw-p 0000e000 08:01 1693275    /usr/lib/jvm/java-8-openjdk-i386/jre/lib/i386/libverify.so
b7711000-b771e000 r-xp 00000000 08:01 1693273    /usr/lib/jvm/java-8-openjdk-i386/jre/lib/i386/jli/libjli.so
b771e000-b771f000 r--p 0000c000 08:01 1693273    /usr/lib/jvm/java-8-openjdk-i386/jre/lib/i386/jli/libjli.so
b771f000-b7720000 rw-p 0000d000 08:01 1693273    /usr/lib/jvm/java-8-openjdk-i386/jre/lib/i386/jli/libjli.so
b7720000-b7722000 rw-p 00000000 00:00 0 
b7722000-b7724000 r--p 00000000 00:00 0          [vvar]
b7724000-b7725000 r-xp 00000000 00:00 0          [vdso]
b7725000-b7747000 r-xp 00000000 08:01 3401231    /lib/i386-linux-gnu/ld-2.23.so
b7747000-b7748000 rw-p 00000000 00:00 0 
b7748000-b7749000 r--p 00022000 08:01 3401231    /lib/i386-linux-gnu/ld-2.23.so
b7749000-b774a000 rw-p 00023000 08:01 3401231    /lib/i386-linux-gnu/ld-2.23.so
bffcb000-bffec000 rw-p 00000000 00:00 0          [stack]

VM Arguments:
jvm_args: -Dscript.name=/usr/bin/groovy -Dprogram.name=groovy -Dgroovy.starter.conf=/usr/share/groovy2/conf/groovy-starter.conf -Dgroovy.home=/usr/share/groovy2 -Dtools.jar=/usr/lib/jvm/default-java/lib/tools.jar 
java_command: org.codehaus.groovy.tools.GroovyStarter --main groovy.ui.GroovyMain --conf /usr/share/groovy2/conf/groovy-starter.conf --classpath . httpcat_remove.groovy --port=4476 --file=/home/sarnobat/sarnobat.git/src/javascript/cream/heap.txt
java_class_path (initial): /usr/share/groovy2/lib/groovy-2.4.5.jar
Launcher Type: SUN_STANDARD

Environment Variables:
PATH=/usr/bin:/bin
SHELL=/bin/sh

Signal Handlers:
SIGSEGV: [libjvm.so+0x8d7370], sa_mask[0]=11111111011111111101111111111110, sa_flags=SA_RESTART|SA_SIGINFO
SIGBUS: [libjvm.so+0x8d7370], sa_mask[0]=11111111011111111101111111111110, sa_flags=SA_RESTART|SA_SIGINFO
SIGFPE: [libjvm.so+0x73d1c0], sa_mask[0]=11111111011111111101111111111110, sa_flags=SA_RESTART|SA_SIGINFO
SIGPIPE: [libjvm.so+0x73d1c0], sa_mask[0]=11111111011111111101111111111110, sa_flags=SA_RESTART|SA_SIGINFO
SIGXFSZ: [libjvm.so+0x73d1c0], sa_mask[0]=11111111011111111101111111111110, sa_flags=SA_RESTART|SA_SIGINFO
SIGILL: [libjvm.so+0x73d1c0], sa_mask[0]=11111111011111111101111111111110, sa_flags=SA_RESTART|SA_SIGINFO
SIGUSR1: SIG_DFL, sa_mask[0]=00000000000000000000000000000000, sa_flags=none
SIGUSR2: [libjvm.so+0x73d000], sa_mask[0]=00000000000000000000000000000000, sa_flags=SA_RESTART|SA_SIGINFO
SIGHUP: [libjvm.so+0x73d790], sa_mask[0]=11111111011111111101111111111110, sa_flags=SA_RESTART|SA_SIGINFO
SIGINT: [libjvm.so+0x73d790], sa_mask[0]=11111111011111111101111111111110, sa_flags=SA_RESTART|SA_SIGINFO
SIGTERM: [libjvm.so+0x73d790], sa_mask[0]=11111111011111111101111111111110, sa_flags=SA_RESTART|SA_SIGINFO
SIGQUIT: [libjvm.so+0x73d790], sa_mask[0]=11111111011111111101111111111110, sa_flags=SA_RESTART|SA_SIGINFO


---------------  S Y S T E M  ---------------

OS:DISTRIB_ID=Ubuntu
DISTRIB_RELEASE=16.04
DISTRIB_CODENAME=xenial
DISTRIB_DESCRIPTION="Ubuntu 16.04.1 LTS"

uname:Linux 4.4.0-104-generic #127-Ubuntu SMP Mon Dec 11 12:16:50 UTC 2017 i686
libc:glibc 2.23 NPTL 2.23 
rlimit: STACK 8192k, CORE 0k, NPROC 63057, NOFILE 65536, AS infinity
load average:124.09 105.17 100.68

/proc/meminfo:
MemTotal:        8107456 kB
MemFree:          415656 kB
MemAvailable:          0 kB
Buffers:            8712 kB
Cached:           215956 kB
SwapCached:         5908 kB
Active:          6285880 kB
Inactive:        1159172 kB
Active(anon):    6240312 kB
Inactive(anon):  1111160 kB
Active(file):      45568 kB
Inactive(file):    48012 kB
Unevictable:           0 kB
Mlocked:               0 kB
HighTotal:       7292552 kB
HighFree:         121664 kB
LowTotal:         814904 kB
LowFree:          293992 kB
SwapTotal:       4007932 kB
SwapFree:              4 kB
Dirty:               592 kB
Writeback:           700 kB
AnonPages:       7215184 kB
Mapped:            30668 kB
Shmem:            130464 kB
Slab:              99028 kB
SReclaimable:      31688 kB
SUnreclaim:        67340 kB
KernelStack:       29616 kB
PageTables:        65776 kB
NFS_Unstable:         64 kB
Bounce:              592 kB
WritebackTmp:          0 kB
CommitLimit:     8061660 kB
Committed_AS:   28265488 kB
VmallocTotal:     122880 kB
VmallocUsed:           0 kB
VmallocChunk:          0 kB
AnonHugePages:   3239936 kB
CmaTotal:              0 kB
CmaFree:               0 kB
HugePages_Total:       0
HugePages_Free:        0
HugePages_Rsvd:        0
HugePages_Surp:        0
Hugepagesize:       2048 kB
DirectMap4k:       40952 kB
DirectMap2M:      870400 kB


CPU:total 4 (initial active 4) (2 cores per cpu, 2 threads per core) family 6 model 58 stepping 9, cmov, cx8, fxsr, mmx, sse, sse2, sse3, ssse3, sse4.1, sse4.2, popcnt, avx, aes, clmul, erms, ht, tsc, tscinvbit, tscinv

/proc/cpuinfo:
processor	: 0
vendor_id	: GenuineIntel
cpu family	: 6
model		: 58
model name	: Intel(R) Core(TM) i5-3427U CPU @ 1.80GHz
stepping	: 9
microcode	: 0x17
cpu MHz		: 2599.988
cache size	: 3072 KB
physical id	: 0
siblings	: 4
core id		: 0
cpu cores	: 2
apicid		: 0
initial apicid	: 0
fdiv_bug	: no
f00f_bug	: no
coma_bug	: no
fpu		: yes
fpu_exception	: yes
cpuid level	: 13
wp		: yes
flags		: fpu vme de pse tsc msr pae mce cx8 apic sep mtrr pge mca cmov pat pse36 clflush dts acpi mmx fxsr sse sse2 ss ht tm pbe nx rdtscp lm constant_tsc arch_perfmon pebs bts xtopology nonstop_tsc aperfmperf eagerfpu pni pclmulqdq dtes64 monitor ds_cpl vmx smx est tm2 ssse3 cx16 xtpr pdcm pcid sse4_1 sse4_2 x2apic popcnt tsc_deadline_timer aes xsave avx f16c rdrand lahf_lm epb tpr_shadow vnmi flexpriority ept vpid fsgsbase smep erms xsaveopt dtherm ida arat pln pts
bugs		:
bogomips	: 4589.83
clflush size	: 64
cache_alignment	: 64
address sizes	: 36 bits physical, 48 bits virtual
power management:

processor	: 1
vendor_id	: GenuineIntel
cpu family	: 6
model		: 58
model name	: Intel(R) Core(TM) i5-3427U CPU @ 1.80GHz
stepping	: 9
microcode	: 0x17
cpu MHz		: 2599.988
cache size	: 3072 KB
physical id	: 0
siblings	: 4
core id		: 1
cpu cores	: 2
apicid		: 2
initial apicid	: 2
fdiv_bug	: no
f00f_bug	: no
coma_bug	: no
fpu		: yes
fpu_exception	: yes
cpuid level	: 13
wp		: yes
flags		: fpu vme de pse tsc msr pae mce cx8 apic sep mtrr pge mca cmov pat pse36 clflush dts acpi mmx fxsr sse sse2 ss ht tm pbe nx rdtscp lm constant_tsc arch_perfmon pebs bts xtopology nonstop_tsc aperfmperf eagerfpu pni pclmulqdq dtes64 monitor ds_cpl vmx smx est tm2 ssse3 cx16 xtpr pdcm pcid sse4_1 sse4_2 x2apic popcnt tsc_deadline_timer aes xsave avx f16c rdrand lahf_lm epb tpr_shadow vnmi flexpriority ept vpid fsgsbase smep erms xsaveopt dtherm ida arat pln pts
bugs		:
bogomips	: 4589.83
clflush size	: 64
cache_alignment	: 64
address sizes	: 36 bits physical, 48 bits virtual
power management:

processor	: 2
vendor_id	: GenuineIntel
cpu family	: 6
model		: 58
model name	: Intel(R) Core(TM) i5-3427U CPU @ 1.80GHz
stepping	: 9
microcode	: 0x17
cpu MHz		: 2599.988
cache size	: 3072 KB
physical id	: 0
siblings	: 4
core id		: 0
cpu cores	: 2
apicid		: 1
initial apicid	: 1
fdiv_bug	: no
f00f_bug	: no
coma_bug	: no
fpu		: yes
fpu_exception	: yes
cpuid level	: 13
wp		: yes
flags		: fpu vme de pse tsc msr pae mce cx8 apic sep mtrr pge mca cmov pat pse36 clflush dts acpi mmx fxsr sse sse2 ss ht tm pbe nx rdtscp lm constant_tsc arch_perfmon pebs bts xtopology nonstop_tsc aperfmperf eagerfpu pni pclmulqdq dtes64 monitor ds_cpl vmx smx est tm2 ssse3 cx16 xtpr pdcm pcid sse4_1 sse4_2 x2apic popcnt tsc_deadline_timer aes xsave avx f16c rdrand lahf_lm epb tpr_shadow vnmi flexpriority ept vpid fsgsbase smep erms xsaveopt dtherm ida arat pln pts
bugs		:
bogomips	: 4589.83
clflush size	: 64
cache_alignment	: 64
address sizes	: 36 bits physical, 48 bits virtual
power management:

processor	: 3
vendor_id	: GenuineIntel
cpu family	: 6
model		: 58
model name	: Intel(R) Core(TM) i5-3427U CPU @ 1.80GHz
stepping	: 9
microcode	: 0x17
cpu MHz		: 2599.988
cache size	: 3072 KB
physical id	: 0
siblings	: 4
core id		: 1
cpu cores	: 2
apicid		: 3
initial apicid	: 3
fdiv_bug	: no
f00f_bug	: no
coma_bug	: no
fpu		: yes
fpu_exception	: yes
cpuid level	: 13
wp		: yes
flags		: fpu vme de pse tsc msr pae mce cx8 apic sep mtrr pge mca cmov pat pse36 clflush dts acpi mmx fxsr sse sse2 ss ht tm pbe nx rdtscp lm constant_tsc arch_perfmon pebs bts xtopology nonstop_tsc aperfmperf eagerfpu pni pclmulqdq dtes64 monitor ds_cpl vmx smx est tm2 ssse3 cx16 xtpr pdcm pcid sse4_1 sse4_2 x2apic popcnt tsc_deadline_timer aes xsave avx f16c rdrand lahf_lm epb tpr_shadow vnmi flexpriority ept vpid fsgsbase smep erms xsaveopt dtherm ida arat pln pts
bugs		:
bogomips	: 4589.83
clflush size	: 64
cache_alignment	: 64
address sizes	: 36 bits physical, 48 bits virtual
power management:



Memory: 4k page, physical 8107456k(415756k free), swap 4007932k(4k free)

vm_info: OpenJDK Server VM (25.151-b12) for linux-x86 JRE (1.8.0_151-8u151-b12-0ubuntu0.16.04.2-b12), built on Oct 27 2017 22:05:04 by "buildd" with gcc 5.4.0 20160609

time: Wed Dec 20 13:01:05 2017
elapsed time: 62 seconds (0d 0h 1m 2s)

